\BOOKMARK [0][-]{resumo.0}{\376\377\000R\000e\000s\000u\000m\000o}{}% 1
\BOOKMARK [0][-]{abstract.0}{\376\377\000A\000b\000s\000t\000r\000a\000c\000t}{}% 2
\BOOKMARK [0][-]{chapter.1}{\376\377\000I\000n\000t\000r\000o\000d\000u\000\347\000\343\000o}{}% 3
\BOOKMARK [1][-]{section.1.1}{\376\377\000C\000o\000d\000i\000f\000i\000c\000a\000d\000o\000r\000e\000s\000\040\000d\000e\000\040\000v\000\355\000d\000e\000o}{chapter.1}% 4
\BOOKMARK [1][-]{section.1.2}{\376\377\000A\000d\000v\000a\000n\000c\000e\000d\000\040\000V\000i\000d\000e\000o\000\040\000C\000o\000d\000i\000n\000g\000\040\000/\000\040\000H\000.\0002\0006\0004\000\040\000\050\000A\000V\000C\000\051}{chapter.1}% 5
\BOOKMARK [1][-]{section.1.3}{\376\377\000V\000e\000r\000s\000a\000t\000i\000l\000e\000\040\000V\000i\000d\000e\000o\000\040\000C\000o\000d\000i\000n\000g\000\040\000/\000\040\000H\000.\0002\0006\0006\000\040\000\050\000V\000V\000C\000\051}{chapter.1}% 6
\BOOKMARK [1][-]{section.1.4}{\376\377\000B\000i\000t\000r\000a\000t\000e\000\040\000e\000\040\000P\000e\000a\000k\000\040\000S\000i\000g\000n\000a\000l\000-\000t\000o\000-\000N\000o\000i\000s\000e\000\040\000R\000a\000t\000i\000o\000\040\000\050\000P\000S\000N\000R\000\051}{chapter.1}% 7
\BOOKMARK [2][-]{subsection.1.4.1}{\376\377\000B\000i\000t\000r\000a\000t\000e}{section.1.4}% 8
\BOOKMARK [2][-]{subsection.1.4.2}{\376\377\000P\000e\000a\000k\000\040\000S\000i\000g\000n\000a\000l\000-\000t\000o\000-\000N\000o\000i\000s\000e\000\040\000R\000a\000t\000i\000o\000\040\000\050\000P\000S\000N\000R\000\051}{section.1.4}% 9
\BOOKMARK [1][-]{section.1.5}{\376\377\000L\000o\000w\000\040\000C\000o\000m\000p\000l\000e\000x\000i\000t\000y\000\040\000E\000n\000h\000a\000n\000c\000e\000m\000e\000n\000t\000\040\000V\000i\000d\000e\000o\000\040\000C\000o\000d\000i\000n\000g}{chapter.1}% 10
\BOOKMARK [2][-]{subsection.1.5.1}{\376\377\000C\000o\000d\000i\000f\000i\000c\000a\000\347\000\343\000o}{section.1.5}% 11
\BOOKMARK [2][-]{subsection.1.5.2}{\376\377\000D\000e\000c\000o\000d\000i\000f\000i\000c\000a\000\347\000\343\000o}{section.1.5}% 12
\BOOKMARK [1][-]{section.1.6}{\376\377\000M\000o\000t\000i\000v\000a\000\347\000\343\000o}{chapter.1}% 13
\BOOKMARK [1][-]{section.1.7}{\376\377\000O\000b\000j\000e\000t\000i\000v\000o}{chapter.1}% 14
\BOOKMARK [0][-]{chapter.2}{\376\377\000M\000e\000t\000o\000d\000o\000l\000o\000g\000i\000a}{}% 15
\BOOKMARK [1][-]{section.2.1}{\376\377\000C\000o\000d\000i\000f\000i\000c\000a\000n\000d\000o\000\040\000V\000\355\000d\000e\000o\000s}{chapter.2}% 16
\BOOKMARK [1][-]{section.2.2}{\376\377\000T\000e\000s\000t\000e\000s}{chapter.2}% 17
\BOOKMARK [1][-]{section.2.3}{\376\377\000F\000r\000o\000n\000t\000e\000i\000r\000a\000\040\000d\000e\000\040\000P\000a\000r\000e\000t\000o}{chapter.2}% 18
\BOOKMARK [0][-]{chapter.3}{\376\377\000R\000e\000s\000u\000l\000t\000a\000d\000o\000s}{}% 19
\BOOKMARK [1][-]{section.3.1}{\376\377\000A\000V\000C}{chapter.3}% 20
\BOOKMARK [2][-]{subsection.3.1.1}{\376\377\000B\000o\000s\000p\000h\000o\000r\000u\000s}{section.3.1}% 21
\BOOKMARK [2][-]{subsection.3.1.2}{\376\377\000R\000e\000a\000d\000y\000S\000t\000e\000a\000d\000y\000G\000o}{section.3.1}% 22
\BOOKMARK [2][-]{subsection.3.1.3}{\376\377\000J\000o\000c\000k\000e\000y}{section.3.1}% 23
\BOOKMARK [2][-]{subsection.3.1.4}{\376\377\000S\000O\000C\000C\000E\000R}{section.3.1}% 24
\BOOKMARK [2][-]{subsection.3.1.5}{\376\377\000C\000i\000t\000y}{section.3.1}% 25
\BOOKMARK [2][-]{subsection.3.1.6}{\376\377\000v\000c\000-\000g\000l\000o\000b\000o\000-\0000\0005}{section.3.1}% 26
\BOOKMARK [2][-]{subsection.3.1.7}{\376\377\000v\000c\000-\000l\000c\000e\000v\000c\000-\0000\0001}{section.3.1}% 27
\BOOKMARK [2][-]{subsection.3.1.8}{\376\377\000v\000c\000-\000p\000h\000i\000l\000i\000p\000s\000-\0000\0001}{section.3.1}% 28
\BOOKMARK [2][-]{subsection.3.1.9}{\376\377\000v\000c\000-\000p\000h\000i\000l\000i\000p\000s\000-\0000\0003}{section.3.1}% 29
\BOOKMARK [1][-]{section.3.2}{\376\377\000V\000V\000C}{chapter.3}% 30
\BOOKMARK [2][-]{subsection.3.2.1}{\376\377\000B\000o\000s\000p\000h\000o\000r\000u\000s}{section.3.2}% 31
\BOOKMARK [2][-]{subsection.3.2.2}{\376\377\000S\000O\000C\000C\000E\000R}{section.3.2}% 32
\BOOKMARK [2][-]{subsection.3.2.3}{\376\377\000J\000o\000c\000k\000e\000y}{section.3.2}% 33
\BOOKMARK [2][-]{subsection.3.2.4}{\376\377\000C\000i\000t\000y}{section.3.2}% 34
\BOOKMARK [2][-]{subsection.3.2.5}{\376\377\000v\000c\000-\000p\000h\000i\000l\000i\000p\000s\000-\0000\0001}{section.3.2}% 35
\BOOKMARK [2][-]{subsection.3.2.6}{\376\377\000v\000c\000-\000g\000l\000o\000b\000o\000-\0000\0005}{section.3.2}% 36
\BOOKMARK [1][-]{section.3.3}{\376\377\000C\000o\000n\000s\000i\000d\000e\000r\000a\000\347\000\365\000e\000s}{chapter.3}% 37
\BOOKMARK [1][-]{section.3.4}{\376\377\000V\000i\000s\000\343\000o\000\040\000g\000e\000r\000a\000l\000\040\000d\000o\000s\000\040\000r\000e\000s\000u\000l\000t\000a\000d\000o\000s}{chapter.3}% 38
\BOOKMARK [0][-]{chapter.4}{\376\377\000C\000o\000n\000c\000l\000u\000s\000\343\000o}{}% 39
\BOOKMARK [1][-]{section.4.1}{\376\377\000T\000r\000a\000b\000a\000l\000h\000o\000s\000\040\000F\000u\000t\000u\000r\000o\000s}{chapter.4}% 40
\BOOKMARK [0][-]{section*.14}{\376\377\000R\000e\000f\000e\000r\000\352\000n\000c\000i\000a\000s}{}% 41
